<?xml version="1.0" encoding="utf-8"?><testsuites name="pytest tests"><testsuite name="pytest" errors="0" failures="0" skipped="0" tests="22" time="8.908" timestamp="2026-09-07T14:50:59.345963+00:00" hostname="agent-env-0c1091a7-9a63-42a8-bc81-5245192cf1a2"><testcase classname="tests.test_iter25_planv4.TestAuthGate" name="test_no_token_401_on_protected" time="0.846" /><testcase classname="tests.test_iter25_planv4.TestAuthGate" name="test_owner_me" time="0.200" /><testcase classname="tests.test_iter25_planv4.TestAuthGate" name="test_reviewer_me" time="0.190" /><testcase classname="tests.test_iter25_planv4.TestReviewerPermissionsPart5" name="test_reviewer_can_edit_any_document" time="0.273" /><testcase classname="tests.test_iter25_planv4.TestReviewerPermissionsPart5" name="test_reviewer_can_create_and_delete_page" time="0.579" /><testcase classname="tests.test_iter25_planv4.TestReviewerPermissionsPart5" name="test_reviewer_can_comment_and_resolve" time="0.619" /><testcase classname="tests.test_iter25_planv4.TestOwnerOnlyGates" name="test_reviewer_cannot_publish" time="0.141" /><testcase classname="tests.test_iter25_planv4.TestOwnerOnlyGates" name="test_reviewer_cannot_unpublish" time="0.164" /><testcase classname="tests.test_iter25_planv4.TestOwnerOnlyGates" name="test_reviewer_cannot_create_assignment" time="0.200" /><testcase classname="tests.test_iter25_planv4.TestOwnerOnlyGates" name="test_reviewer_cannot_get_activity" time="0.114" /><testcase classname="tests.test_iter25_planv4.TestOwnerOnlyGates" name="test_reviewer_delete_published_gives_publish_msg" time="0.912" /><testcase classname="tests.test_iter25_planv4.TestVerdictGating" name="test_reviewer_verdict_on_assigned_ok" time="0.155" /><testcase classname="tests.test_iter25_planv4.TestVerdictGating" name="test_reviewer_verdict_on_unassigned_403" time="0.183" /><testcase classname="tests.test_iter25_planv4.TestVerdictGating" name="test_owner_verdict_on_any_ok" time="0.121" /><testcase classname="tests.test_iter25_planv4.TestSoftDeleteTrash" name="test_soft_delete_restore_purge_flow" time="1.670" /><testcase classname="tests.test_iter25_planv4.TestCommentsPart2" name="test_thread_reply_and_mentions_stored" time="0.812" /><testcase classname="tests.test_iter25_planv4.TestCommentsPart2" name="test_known_emails_open_to_reviewer" time="0.141" /><testcase classname="tests.test_iter25_planv4.TestActivityLog" name="test_activity_owner_only" time="0.217" /><testcase classname="tests.test_iter25_planv4.TestActivityLog" name="test_activity_person_filter" time="0.174" /><testcase classname="tests.test_iter25_planv4.TestActivityLog" name="test_page_activity_open_to_any_signed_in" time="0.166" /><testcase classname="tests.test_iter25_planv4.TestActivityLog" name="test_edit_creates_activity_entry" time="0.430" /><testcase classname="tests.test_iter25_planv4.TestAssignedBy" name="test_assignment_stores_assigned_by_name" time="0.512" /></testsuite></testsuites>