<?xml version="1.0" encoding="utf-8"?><testsuites name="pytest tests"><testsuite name="pytest" errors="0" failures="0" skipped="0" tests="17" time="4.002" timestamp="2026-09-02T16:11:11.712399+00:00" hostname="agent-env-0c1091a7-9a63-42a8-bc81-5245192cf1a2"><testcase classname="tests.test_iter23_reviewer_edit_and_team.TestAuth" name="test_me_no_token" time="0.180" /><testcase classname="tests.test_iter23_reviewer_edit_and_team.TestAuth" name="test_me_owner" time="0.198" /><testcase classname="tests.test_iter23_reviewer_edit_and_team.TestAuth" name="test_me_reviewer" time="0.276" /><testcase classname="tests.test_iter23_reviewer_edit_and_team.TestAuth" name="test_roles_me" time="0.180" /><testcase classname="tests.test_iter23_reviewer_edit_and_team.TestAuth" name="test_reviewer_cannot_list_owners" time="0.090" /><testcase classname="tests.test_iter23_reviewer_edit_and_team.TestAuth" name="test_reviewer_assignments_scoped" time="0.095" /><testcase classname="tests.test_iter23_reviewer_edit_and_team.TestReviewerEdit" name="test_reviewer_edit_assigned_page_stamps_marker" time="0.182" /><testcase classname="tests.test_iter23_reviewer_edit_and_team.TestReviewerEdit" name="test_reviewer_edit_unassigned_page_forbidden" time="0.268" /><testcase classname="tests.test_iter23_reviewer_edit_and_team.TestReviewerEdit" name="test_reviewer_cannot_change_status_field" time="0.182" /><testcase classname="tests.test_iter23_reviewer_edit_and_team.TestReviewerEdit" name="test_owner_edit_clears_reviewer_marker" time="0.232" /><testcase classname="tests.test_iter23_reviewer_edit_and_team.TestReviewerEdit" name="test_owner_can_edit_any_page" time="0.231" /><testcase classname="tests.test_iter23_reviewer_edit_and_team.TestRolesPromote" name="test_owners_list_contains_seed" time="0.086" /><testcase classname="tests.test_iter23_reviewer_edit_and_team.TestRolesPromote" name="test_known_emails_owner_only" time="0.191" /><testcase classname="tests.test_iter23_reviewer_edit_and_team.TestRolesPromote" name="test_reviewer_cannot_promote" time="0.089" /><testcase classname="tests.test_iter23_reviewer_edit_and_team.TestRolesPromote" name="test_owner_promote_adds_owner" time="0.209" /><testcase classname="tests.test_iter23_reviewer_edit_and_team.TestPublishUnchanged" name="test_reviewer_cannot_publish" time="0.089" /><testcase classname="tests.test_iter23_reviewer_edit_and_team.TestPublishUnchanged" name="test_no_published_docs" time="1.124" /></testsuite></testsuites>