<?xml version="1.0" encoding="utf-8"?><testsuites name="pytest tests"><testsuite name="pytest" errors="0" failures="3" skipped="0" tests="4" time="1.212" timestamp="2026-09-02T16:18:13.810441+00:00" hostname="agent-env-0c1091a7-9a63-42a8-bc81-5245192cf1a2"><testcase classname="tests.test_iter23_reviewer_privilege_surface" name="test_reviewer_config_write" time="0.601"><failure message="AssertionError: reviewer could write project config (status 200)&#10;assert 200 == 403&#10; +  where 200 = &lt;Response [200]&gt;.status_code">E   AssertionError: reviewer could write project config (status 200)
    assert 200 == 403
     +  where 200 = &lt;Response [200]&gt;.status_code</failure></testcase><testcase classname="tests.test_iter23_reviewer_privilege_surface" name="test_reviewer_create_document" time="0.187"><failure message="Failed: reviewer was able to CREATE a document (should be owner-only)">E   Failed: reviewer was able to CREATE a document (should be owner-only)</failure></testcase><testcase classname="tests.test_iter23_reviewer_privilege_surface" name="test_reviewer_delete_document" time="0.270"><failure message="AssertionError: reviewer was able to DELETE a document (status 200)&#10;assert 200 == 403&#10; +  where 200 = &lt;Response [200]&gt;.status_code">E   AssertionError: reviewer was able to DELETE a document (status 200)
    assert 200 == 403
     +  where 200 = &lt;Response [200]&gt;.status_code</failure></testcase><testcase classname="tests.test_iter23_reviewer_privilege_surface" name="test_reviewer_version_restore" time="0.086" /></testsuite></testsuites>