<?xml version="1.0" encoding="utf-8"?><testsuites name="pytest tests"><testsuite name="pytest" errors="0" failures="0" skipped="0" tests="11" time="3.301" timestamp="2026-09-02T16:27:31.064078+00:00" hostname="agent-env-0c1091a7-9a63-42a8-bc81-5245192cf1a2"><testcase classname="tests.test_iter24_owner_gates" name="test_identities" time="0.652" /><testcase classname="tests.test_iter24_owner_gates" name="test_reviewer_create_document_403" time="0.119" /><testcase classname="tests.test_iter24_owner_gates" name="test_reviewer_delete_document_403_and_doc_intact" time="0.361" /><testcase classname="tests.test_iter24_owner_gates" name="test_reviewer_config_write_403" time="0.178" /><testcase classname="tests.test_iter24_owner_gates" name="test_reviewer_version_restore_blocked" time="0.084" /><testcase classname="tests.test_iter24_owner_gates" name="test_owner_create_config_delete_roundtrip" time="0.604" /><testcase classname="tests.test_iter24_owner_gates" name="test_doc_counts_unchanged" time="0.245" /><testcase classname="tests.test_iter24_owner_gates" name="test_reviewer_edit_assigned_doc" time="0.325" /><testcase classname="tests.test_iter24_owner_gates" name="test_reviewer_edit_unassigned_doc_403" time="0.162" /><testcase classname="tests.test_iter24_owner_gates" name="test_reviewer_assignments_scoped" time="0.130" /><testcase classname="tests.test_iter24_owner_gates" name="test_reviewer_owner_only_role_endpoints" time="0.338" /></testsuite></testsuites>