<?xml version="1.0" encoding="utf-8"?><testsuites name="pytest tests"><testsuite name="pytest" errors="0" failures="0" skipped="0" tests="11" time="3.491" timestamp="2026-09-11T08:15:13.780865+00:00" hostname="agent-env-0c1091a7-9a63-42a8-bc81-5245192cf1a2"><testcase classname="backend.tests.test_seo_media_iter26.TestImageTransform" name="test_webp_transform_smaller_and_headers" time="1.008" /><testcase classname="backend.tests.test_seo_media_iter26.TestImageTransform" name="test_content_negotiation_accept_webp" time="0.976" /><testcase classname="backend.tests.test_seo_media_iter26.TestImageTransform" name="test_graceful_degrade_unknown_param" time="0.335" /><testcase classname="backend.tests.test_seo_media_iter26.TestPerPageMarkdown" name="test_published_markdown" time="0.150" /><testcase classname="backend.tests.test_seo_media_iter26.TestPerPageMarkdown" name="test_missing_markdown_404" time="0.122" /><testcase classname="backend.tests.test_seo_media_iter26.TestLLMsTxt" name="test_llms_endpoints[/llms.txt]" time="0.148" /><testcase classname="backend.tests.test_seo_media_iter26.TestLLMsTxt" name="test_llms_endpoints[/llms-full.txt]" time="0.126" /><testcase classname="backend.tests.test_seo_media_iter26.TestHtmlRoutes" name="test_not_found_html" time="0.136" /><testcase classname="backend.tests.test_seo_media_iter26.TestHtmlRoutes" name="test_valid_public_doc_200" time="0.126" /><testcase classname="backend.tests.test_seo_media_iter26.TestHtmlRoutes" name="test_admin_route_200_not_404" time="0.123" /><testcase classname="backend.tests.test_seo_media_iter26.TestFeedback" name="test_post_feedback_ok" time="0.160" /></testsuite></testsuites>