<?xml version="1.0" encoding="utf-8"?><testsuites name="pytest tests"><testsuite name="pytest" errors="0" failures="0" skipped="0" tests="13" time="5.027" timestamp="2026-09-02T14:23:37.283839+00:00" hostname="agent-env-0c1091a7-9a63-42a8-bc81-5245192cf1a2"><testcase classname="tests.test_iter21_gates_and_bulk.TestSanity" name="test_roles_me_is_owner" time="0.240" /><testcase classname="tests.test_iter21_gates_and_bulk.TestSanity" name="test_dataset_state" time="0.142" /><testcase classname="tests.test_iter21_gates_and_bulk.TestDoneGate" name="test_real_assignment_done_blocked_without_assignee_verdict" time="0.228" /><testcase classname="tests.test_iter21_gates_and_bulk.TestDoneGate" name="test_done_succeeds_when_assignee_has_all_verdicts" time="0.915" /><testcase classname="tests.test_iter21_gates_and_bulk.TestDoneGate" name="test_done_not_gated_on_open_comments" time="1.129" /><testcase classname="tests.test_iter21_gates_and_bulk.TestPublishGate" name="test_publish_blocked_by_open_comment_then_allowed" time="0.836" /><testcase classname="tests.test_iter21_gates_and_bulk.TestPublishGate" name="test_no_document_left_published" time="0.116" /><testcase classname="tests.test_iter21_gates_and_bulk.TestBulkDelegate" name="test_unknown_from_email_returns_zero" time="0.124" /><testcase classname="tests.test_iter21_gates_and_bulk.TestBulkDelegate" name="test_same_from_and_to_rejected" time="0.084" /><testcase classname="tests.test_iter21_gates_and_bulk.TestBulkDelegate" name="test_missing_email_rejected" time="0.107" /><testcase classname="tests.test_iter21_gates_and_bulk.TestBulkDelegate" name="test_bulk_reassign_and_restore" time="0.875" /><testcase classname="tests.test_iter21_gates_and_bulk.TestDatasetIntegrity" name="test_real_reviewer_assignments_intact" time="0.001" /><testcase classname="tests.test_iter21_gates_and_bulk.TestDatasetIntegrity" name="test_no_test_leftovers" time="0.002" /></testsuite></testsuites>