<?xml version="1.0" encoding="utf-8"?><testsuites name="pytest tests"><testsuite name="pytest" errors="0" failures="0" skipped="1" tests="9" time="1.971" timestamp="2026-09-01T12:36:44.619682+00:00" hostname="agent-env-0c1091a7-9a63-42a8-bc81-5245192cf1a2"><testcase classname="tests.test_nested_scope_and_delegate.TestNestedScopeFlatten" name="test_parent_group_with_only_subgroups_collects_12_nested_pages" time="0.399" /><testcase classname="tests.test_nested_scope_and_delegate.TestNestedScopeFlatten" name="test_nested_subgroup_web_flow_only_4_pages" time="0.089" /><testcase classname="tests.test_nested_scope_and_delegate.TestNestedScopeFlatten" name="test_nested_subgroup_common_only_8_pages" time="0.087" /><testcase classname="tests.test_nested_scope_and_delegate.TestNestedScopeFlatten" name="test_tab_scope_learn_basics_18_pages" time="0.080" /><testcase classname="tests.test_nested_scope_and_delegate.TestNestedScopeFlatten" name="test_unknown_group_yields_empty_slugs" time="0.084" /><testcase classname="tests.test_nested_scope_and_delegate.TestDelegate" name="test_delegate_sets_new_assignee_and_delegated_from" time="0.255" /><testcase classname="tests.test_nested_scope_and_delegate.TestDelegate" name="test_delegate_unknown_assignment_404" time="0.082" /><testcase classname="tests.test_nested_scope_and_delegate" name="test_delete_assignment_removes_it" time="0.249" /><testcase classname="tests.test_nested_scope_and_delegate" name="test_public_published_count_unchanged" time="0.577"><skipped type="pytest.skip" message="public docs listing endpoint not available">/app/backend/tests/test_nested_scope_and_delegate.py:121: public docs listing endpoint not available</skipped></testcase></testsuite></testsuites>