<?xml version="1.0" encoding="utf-8"?><testsuites name="pytest tests"><testsuite name="pytest" errors="0" failures="1" skipped="1" tests="25" time="3.126" timestamp="2026-01-18T05:15:13.555642+00:00" hostname="agent-env-8901d9e1-07f7-494e-a934-af85b5607271"><testcase classname="tests.test_github_version_control.TestGitHubOAuth" name="test_github_auth_url_endpoint" time="0.063"><failure message="Failed: Unexpected status code: 520">tests/test_github_version_control.py:44: in test_github_auth_url_endpoint
    pytest.fail(f"Unexpected status code: {response.status_code}")
E   Failed: Unexpected status code: 520</failure></testcase><testcase classname="tests.test_github_version_control.TestGitHubOAuth" name="test_github_auth_requires_authentication" time="0.034" /><testcase classname="tests.test_github_version_control.TestGitHubStatus" name="test_github_status_endpoint" time="0.036" /><testcase classname="tests.test_github_version_control.TestGitHubStatus" name="test_github_status_requires_authentication" time="0.042" /><testcase classname="tests.test_github_version_control.TestGitHubRepos" name="test_github_repos_without_connection" time="0.040" /><testcase classname="tests.test_github_version_control.TestGitHubRepos" name="test_github_repos_requires_authentication" time="0.040" /><testcase classname="tests.test_github_version_control.TestGitHubDisconnect" name="test_github_disconnect_endpoint" time="0.040" /><testcase classname="tests.test_github_version_control.TestGitHubDisconnect" name="test_github_disconnect_requires_authentication" time="0.072" /><testcase classname="tests.test_github_version_control.TestGitHubImportExport" name="test_github_import_without_connection" time="0.158" /><testcase classname="tests.test_github_version_control.TestGitHubImportExport" name="test_github_export_without_connection" time="0.151" /><testcase classname="tests.test_github_version_control.TestGitHubRepoLink" name="test_github_link_get_not_linked" time="0.115" /><testcase classname="tests.test_github_version_control.TestGitHubRepoLink" name="test_github_link_post_without_connection" time="0.102" /><testcase classname="tests.test_github_version_control.TestGitHubRepoLink" name="test_github_unlink_endpoint" time="0.119" /><testcase classname="tests.test_github_version_control.TestVersionControl" name="test_list_versions_empty" time="0.147" /><testcase classname="tests.test_github_version_control.TestVersionControl" name="test_create_version" time="0.195" /><testcase classname="tests.test_github_version_control.TestVersionControl" name="test_create_multiple_versions" time="0.312" /><testcase classname="tests.test_github_version_control.TestVersionControl" name="test_get_specific_version" time="0.173" /><testcase classname="tests.test_github_version_control.TestVersionControl" name="test_restore_version" time="0.502" /><testcase classname="tests.test_github_version_control.TestVersionControl" name="test_delete_version" time="0.207" /><testcase classname="tests.test_github_version_control.TestVersionControl" name="test_version_not_found" time="0.254" /><testcase classname="tests.test_github_version_control.TestVersionControlWithExistingData" name="test_list_versions_existing_document" time="0.036"><skipped type="pytest.skip" message="Test data not accessible for this test user">/app/tests/test_github_version_control.py:536: Test data not accessible for this test user</skipped></testcase><testcase classname="tests.test_github_version_control.TestVersionControlAuthentication" name="test_list_versions_requires_auth" time="0.031" /><testcase classname="tests.test_github_version_control.TestVersionControlAuthentication" name="test_create_version_requires_auth" time="0.033" /><testcase classname="tests.test_github_version_control.TestVersionControlAuthentication" name="test_restore_version_requires_auth" time="0.040" /><testcase classname="tests.test_github_version_control.TestVersionControlAuthentication" name="test_delete_version_requires_auth" time="0.072" /></testsuite></testsuites>