<?xml version="1.0" encoding="utf-8"?><testsuites name="pytest tests"><testsuite name="pytest" errors="0" failures="0" skipped="0" tests="22" time="3.965" timestamp="2026-05-13T15:55:08.249848+00:00" hostname="agent-env-2ee2e31d-a294-4eb9-877c-61487ce96d8e"><testcase classname="backend.tests.test_storage_migration.TestPublicFileProxy" name="test_migrated_image_served[emergent-docs/_legacy/migrated/c235383804a944e1b4bc4f80435e9f6e.avif]" time="0.375" /><testcase classname="backend.tests.test_storage_migration.TestPublicFileProxy" name="test_migrated_image_served[emergent-docs/_legacy/migrated/b0c28e2e8aa24fdabcf286939154ddd6.avif]" time="0.231" /><testcase classname="backend.tests.test_storage_migration.TestPublicFileProxy" name="test_migrated_image_served[emergent-docs/_legacy/migrated/62ae643c287e4e4bab5476d6c4571e2e.avif]" time="0.200" /><testcase classname="backend.tests.test_storage_migration.TestPublicFileProxy" name="test_migrated_image_served[emergent-docs/_legacy/migrated/fb42e03639d44d6d93912ab18c817ceb.avif]" time="0.231" /><testcase classname="backend.tests.test_storage_migration.TestPublicFileProxy" name="test_migrated_image_served[emergent-docs/_legacy/migrated/201afda57c9543988414513a397ba13f.gif]" time="0.434" /><testcase classname="backend.tests.test_storage_migration.TestPublicFileProxy" name="test_migrated_image_served[emergent-docs/_legacy/migrated/15dbf00d62e2403ba770ce3dd951d4de.avif]" time="0.530" /><testcase classname="backend.tests.test_storage_migration.TestPublicFileProxy" name="test_migrated_image_served[emergent-docs/_legacy/migrated/918791cccef848a1983b679ad773011c.avif]" time="0.212" /><testcase classname="backend.tests.test_storage_migration.TestPublicFileProxy" name="test_migrated_image_served[emergent-docs/_legacy/migrated/bff407098c7d4241b4f1bdc2daf20d24.avif]" time="0.231" /><testcase classname="backend.tests.test_storage_migration.TestPublicFileProxy" name="test_nonexistent_path_returns_404" time="0.439" /><testcase classname="backend.tests.test_storage_migration.TestPublicFileProxy" name="test_nonexistent_random_path_returns_404" time="0.441" /><testcase classname="backend.tests.test_storage_migration.TestPublicDefaultProject" name="test_top_level_keys" time="0.109" /><testcase classname="backend.tests.test_storage_migration.TestPublicDefaultProject" name="test_documents_count" time="0.000" /><testcase classname="backend.tests.test_storage_migration.TestPublicDefaultProject" name="test_no_objectid_leakage" time="0.000" /><testcase classname="backend.tests.test_storage_migration.TestPublicDefaultProject" name="test_no_supabase_storage_urls_anywhere" time="0.002" /><testcase classname="backend.tests.test_storage_migration.TestPublicDefaultProject" name="test_config_logo_urls_proxied" time="0.000" /><testcase classname="backend.tests.test_storage_migration.TestPublicDefaultProject" name="test_document_image_urls_not_on_supabase_storage" time="0.001" /><testcase classname="backend.tests.test_storage_migration.TestAuthGating" name="test_auth_me_unauthenticated" time="0.076" /><testcase classname="backend.tests.test_storage_migration.TestAuthGating" name="test_upload_asset_requires_auth" time="0.076" /><testcase classname="backend.tests.test_storage_migration.TestAuthGating" name="test_upload_asset_with_bad_token" time="0.063" /><testcase classname="backend.tests.test_storage_migration.TestGeneratorSmoke" name="test_generator_markdown_requires_auth_not_500" time="0.079" /><testcase classname="backend.tests.test_storage_migration.TestGeneratorSmoke" name="test_generator_markdown_bad_token_not_500" time="0.077" /><testcase classname="backend.tests.test_storage_migration.TestHealth" name="test_health_or_root" time="0.085" /></testsuite></testsuites>