<?xml version="1.0" encoding="utf-8"?><testsuites name="pytest tests"><testsuite name="pytest" errors="0" failures="0" skipped="0" tests="23" time="9.353" timestamp="2026-05-13T17:03:55.344591+00:00" hostname="agent-env-2ee2e31d-a294-4eb9-877c-61487ce96d8e"><testcase classname="backend.tests.test_assistant_tweak_and_github_removal.TestGithubRoutesRemoved" name="test_github_route_404[GET-/api/github/auth]" time="0.281" /><testcase classname="backend.tests.test_assistant_tweak_and_github_removal.TestGithubRoutesRemoved" name="test_github_route_404[GET-/api/github/callback]" time="0.110" /><testcase classname="backend.tests.test_assistant_tweak_and_github_removal.TestGithubRoutesRemoved" name="test_github_route_404[POST-/api/projects/some-project-id/github/sync]" time="0.153" /><testcase classname="backend.tests.test_assistant_tweak_and_github_removal.TestGithubRoutesRemoved" name="test_github_route_404[POST-/api/projects/some-project-id/github/link]" time="0.136" /><testcase classname="backend.tests.test_assistant_tweak_and_github_removal.TestGithubRoutesRemoved" name="test_github_route_404[GET-/api/projects/some-project-id/github/info]" time="0.096" /><testcase classname="backend.tests.test_assistant_tweak_and_github_removal.TestGithubRoutesRemoved" name="test_github_route_404[DELETE-/api/projects/some-project-id/github/link]" time="0.102" /><testcase classname="backend.tests.test_assistant_tweak_and_github_removal.TestAssistantTweak" name="test_tweak_requires_auth" time="0.147" /><testcase classname="backend.tests.test_assistant_tweak_and_github_removal.TestAssistantTweak" name="test_tweak_invalid_bearer" time="0.132" /><testcase classname="backend.tests.test_assistant_tweak_and_github_removal.TestAssistantTweak" name="test_tweak_missing_instruction_field" time="0.171" /><testcase classname="backend.tests.test_assistant_tweak_and_github_removal.TestAssistantTweak" name="test_tweak_missing_markdown_field" time="0.108" /><testcase classname="backend.tests.test_assistant_tweak_and_github_removal.TestAssistantTweak" name="test_tweak_empty_instruction_value" time="1.453" /><testcase classname="backend.tests.test_assistant_tweak_and_github_removal.TestAssistantTweak" name="test_tweak_empty_markdown_value" time="0.114" /><testcase classname="backend.tests.test_assistant_tweak_and_github_removal.TestAssistantTweak" name="test_tweak_markdown_too_large" time="0.170" /><testcase classname="backend.tests.test_assistant_tweak_and_github_removal.TestAssistantTweak" name="test_tweak_success_full_markdown" time="1.186" /><testcase classname="backend.tests.test_assistant_tweak_and_github_removal.TestAssistantTweak" name="test_tweak_success_with_selection" time="1.701" /><testcase classname="backend.tests.test_assistant_tweak_and_github_removal.TestDocumentDescriptionField" name="test_put_document_description_persists" time="0.723" /><testcase classname="backend.tests.test_assistant_tweak_and_github_removal.TestExistingEndpointsRegression" name="test_public_default_project_shape" time="0.000" /><testcase classname="backend.tests.test_assistant_tweak_and_github_removal.TestExistingEndpointsRegression" name="test_public_default_project_nav_tabs" time="0.000" /><testcase classname="backend.tests.test_assistant_tweak_and_github_removal.TestExistingEndpointsRegression" name="test_public_file_proxy_serves_image" time="0.357" /><testcase classname="backend.tests.test_assistant_tweak_and_github_removal.TestExistingEndpointsRegression" name="test_generator_markdown_requires_auth" time="0.127" /><testcase classname="backend.tests.test_assistant_tweak_and_github_removal.TestExistingEndpointsRegression" name="test_generator_markdown_success" time="1.584" /><testcase classname="backend.tests.test_assistant_tweak_and_github_removal.TestExistingEndpointsRegression" name="test_auth_me_unauthenticated" time="0.141" /><testcase classname="backend.tests.test_assistant_tweak_and_github_removal.TestExistingEndpointsRegression" name="test_auth_me_with_seeded_token" time="0.135" /></testsuite></testsuites>