<?xml version="1.0" encoding="utf-8"?><testsuites name="pytest tests"><testsuite name="pytest" errors="0" failures="0" skipped="0" tests="20" time="1.062" timestamp="2026-01-21T08:37:17.225519+00:00" hostname="agent-env-a227ada4-e013-4ae4-b942-754379fb724b"><testcase classname="tests.test_routing_restructure.TestHealthEndpoint" name="test_health_returns_healthy" time="0.075" /><testcase classname="tests.test_routing_restructure.TestHealthEndpoint" name="test_root_api_endpoint" time="0.040" /><testcase classname="tests.test_routing_restructure.TestPublicDefaultProject" name="test_default_project_returns_200" time="0.037" /><testcase classname="tests.test_routing_restructure.TestPublicDefaultProject" name="test_default_project_returns_project_data" time="0.037" /><testcase classname="tests.test_routing_restructure.TestPublicDefaultProject" name="test_default_project_returns_config" time="0.042" /><testcase classname="tests.test_routing_restructure.TestPublicDefaultProject" name="test_default_project_returns_documents" time="0.044" /><testcase classname="tests.test_routing_restructure.TestPublicDefaultProject" name="test_default_project_no_auth_required" time="0.041" /><testcase classname="tests.test_routing_restructure.TestPublicDefaultProject" name="test_default_project_documents_have_content" time="0.059" /><testcase classname="tests.test_routing_restructure.TestPublicProjectBySlug" name="test_public_project_by_slug_returns_200" time="0.089" /><testcase classname="tests.test_routing_restructure.TestPublicProjectBySlug" name="test_public_project_by_slug_returns_same_data" time="0.073" /><testcase classname="tests.test_routing_restructure.TestPublicProjectBySlug" name="test_public_project_nonexistent_slug_returns_404" time="0.041" /><testcase classname="tests.test_routing_restructure.TestPublicProjectBySlug" name="test_public_project_no_auth_required" time="0.083" /><testcase classname="tests.test_routing_restructure.TestAuthEndpointsStillProtected" name="test_projects_list_requires_auth" time="0.036" /><testcase classname="tests.test_routing_restructure.TestAuthEndpointsStillProtected" name="test_project_config_requires_auth" time="0.033" /><testcase classname="tests.test_routing_restructure.TestAuthEndpointsStillProtected" name="test_documents_list_requires_auth" time="0.038" /><testcase classname="tests.test_routing_restructure.TestAuthEndpointsStillProtected" name="test_auth_me_requires_auth" time="0.031" /><testcase classname="tests.test_routing_restructure.TestAuthenticatedEndpointsWork" name="test_projects_list_with_auth" time="0.047" /><testcase classname="tests.test_routing_restructure.TestAuthenticatedEndpointsWork" name="test_auth_me_with_auth" time="0.042" /><testcase classname="tests.test_routing_restructure.TestDocumentNavigationData" name="test_default_project_has_navigation_config" time="0.041" /><testcase classname="tests.test_routing_restructure.TestDocumentNavigationData" name="test_documents_have_order_field" time="0.045" /></testsuite></testsuites>