<?xml version="1.0" encoding="utf-8"?><testsuites name="pytest tests"><testsuite name="pytest" errors="0" failures="0" skipped="0" tests="17" time="1.695" timestamp="2026-01-17T12:31:06.973259+00:00" hostname="agent-env-04fc9bdb-7229-4146-9948-7e38895767e4"><testcase classname="tests.test_backend_api.TestHealthEndpoints" name="test_health_endpoint" time="0.060" /><testcase classname="tests.test_backend_api.TestHealthEndpoints" name="test_root_endpoint" time="0.037" /><testcase classname="tests.test_backend_api.TestAuthentication" name="test_auth_me_with_valid_token" time="0.042" /><testcase classname="tests.test_backend_api.TestAuthentication" name="test_auth_me_without_token" time="0.032" /><testcase classname="tests.test_backend_api.TestAuthentication" name="test_auth_me_with_invalid_token" time="0.076" /><testcase classname="tests.test_backend_api.TestProjectsCRUD" name="test_get_projects" time="0.034" /><testcase classname="tests.test_backend_api.TestProjectsCRUD" name="test_create_project" time="0.081" /><testcase classname="tests.test_backend_api.TestProjectsCRUD" name="test_get_single_project" time="0.157" /><testcase classname="tests.test_backend_api.TestProjectsCRUD" name="test_update_project" time="0.113" /><testcase classname="tests.test_backend_api.TestProjectsCRUD" name="test_delete_project" time="0.147" /><testcase classname="tests.test_backend_api.TestDocumentsCRUD" name="test_get_documents" time="0.116" /><testcase classname="tests.test_backend_api.TestDocumentsCRUD" name="test_create_document" time="0.106" /><testcase classname="tests.test_backend_api.TestDocumentsCRUD" name="test_create_document_with_mdx_content" time="0.147" /><testcase classname="tests.test_backend_api.TestDocumentsCRUD" name="test_update_document" time="0.143" /><testcase classname="tests.test_backend_api.TestDocumentsCRUD" name="test_delete_document" time="0.182" /><testcase classname="tests.test_backend_api.TestExistingProjectDocuments" name="test_get_test_project_documents" time="0.035" /><testcase classname="tests.test_backend_api.TestExistingProjectDocuments" name="test_document_content_has_custom_components" time="0.042" /></testsuite></testsuites>