<?xml version="1.0" encoding="utf-8"?><testsuites name="pytest tests"><testsuite name="pytest" errors="0" failures="0" skipped="1" tests="24" time="2.770" timestamp="2026-01-21T09:16:50.980531+00:00" hostname="agent-env-a227ada4-e013-4ae4-b942-754379fb724b"><testcase classname="tests.test_docs_json_schema.TestHealthCheck" name="test_health_endpoint_returns_healthy" time="0.070" /><testcase classname="tests.test_docs_json_schema.TestPublicDefaultProjectConfig" name="test_default_project_returns_config" time="0.041" /><testcase classname="tests.test_docs_json_schema.TestPublicDefaultProjectConfig" name="test_config_has_project_id" time="0.036" /><testcase classname="tests.test_docs_json_schema.TestPublicDefaultProjectConfig" name="test_config_has_navigation_field" time="0.035" /><testcase classname="tests.test_docs_json_schema.TestPublicDefaultProjectConfig" name="test_public_endpoint_returns_stored_config" time="0.044" /><testcase classname="tests.test_docs_json_schema.TestPublicDefaultProjectConfig" name="test_default_project_returns_documents" time="0.034" /><testcase classname="tests.test_docs_json_schema.TestPublicDefaultProjectConfig" name="test_default_project_returns_project" time="0.041" /><testcase classname="tests.test_docs_json_schema.TestAuthenticatedProjectConfig" name="test_get_project_config_requires_auth" time="0.037" /><testcase classname="tests.test_docs_json_schema.TestAuthenticatedProjectConfig" name="test_get_project_config_returns_200" time="0.075" /><testcase classname="tests.test_docs_json_schema.TestAuthenticatedProjectConfig" name="test_get_project_config_has_all_schema_fields" time="0.072" /><testcase classname="tests.test_docs_json_schema.TestAuthenticatedProjectConfig" name="test_get_project_config_returns_correct_project_id" time="0.068" /><testcase classname="tests.test_docs_json_schema.TestUpdateProjectConfig" name="test_update_config_requires_auth" time="0.032" /><testcase classname="tests.test_docs_json_schema.TestUpdateProjectConfig" name="test_update_primary_color" time="0.152" /><testcase classname="tests.test_docs_json_schema.TestUpdateProjectConfig" name="test_update_theme" time="0.076" /><testcase classname="tests.test_docs_json_schema.TestUpdateProjectConfig" name="test_update_background_pattern" time="0.154" /><testcase classname="tests.test_docs_json_schema.TestUpdateProjectConfig" name="test_update_logo_urls" time="0.071" /><testcase classname="tests.test_docs_json_schema.TestUpdateProjectConfig" name="test_update_favicon_url" time="0.070" /><testcase classname="tests.test_docs_json_schema.TestUpdateProjectConfig" name="test_update_site_details" time="0.068" /><testcase classname="tests.test_docs_json_schema.TestUpdateProjectConfig" name="test_update_navbar" time="0.068" /><testcase classname="tests.test_docs_json_schema.TestUpdateProjectConfig" name="test_update_navigation" time="0.073" /><testcase classname="tests.test_docs_json_schema.TestUpdateProjectConfig" name="test_update_multiple_fields_at_once" time="0.118" /><testcase classname="tests.test_docs_json_schema.TestConfigSchemaValidation" name="test_config_default_values" time="0.070" /><testcase classname="tests.test_docs_json_schema.TestConfigSchemaValidation" name="test_config_updated_at_changes_on_update" time="1.110" /><testcase classname="tests.test_docs_json_schema.TestPublicProjectConfigConsistency" name="test_public_and_auth_config_match" time="0.066"><skipped type="pytest.skip" message="Cannot access authenticated config">/app/tests/test_docs_json_schema.py:488: Cannot access authenticated config</skipped></testcase></testsuite></testsuites>