<?xml version="1.0" encoding="utf-8"?><testsuites name="pytest tests"><testsuite name="pytest" errors="0" failures="0" skipped="0" tests="13" time="1.736" timestamp="2026-01-18T16:01:30.431475+00:00" hostname="agent-env-a227ada4-e013-4ae4-b942-754379fb724b"><testcase classname="tests.test_nested_navigation.TestHealthCheck" name="test_health_endpoint" time="0.103" /><testcase classname="tests.test_nested_navigation.TestNestedNavigationConfig" name="test_get_default_config" time="0.152" /><testcase classname="tests.test_nested_navigation.TestNestedNavigationConfig" name="test_save_simple_navigation" time="0.200" /><testcase classname="tests.test_nested_navigation.TestNestedNavigationConfig" name="test_save_nested_navigation_2_levels" time="0.158" /><testcase classname="tests.test_nested_navigation.TestNestedNavigationConfig" name="test_save_nested_navigation_3_levels" time="0.148" /><testcase classname="tests.test_nested_navigation.TestNestedNavigationConfig" name="test_save_complex_navigation_structure" time="0.147" /><testcase classname="tests.test_nested_navigation.TestNestedNavigationConfig" name="test_update_navigation_preserves_other_config" time="0.192" /><testcase classname="tests.test_nested_navigation.TestPublicProjectNavigation" name="test_public_project_returns_navigation" time="0.146" /><testcase classname="tests.test_nested_navigation.TestPublicProjectNavigation" name="test_public_project_not_found" time="0.034" /><testcase classname="tests.test_nested_navigation.TestProjectCRUD" name="test_get_projects" time="0.036" /><testcase classname="tests.test_nested_navigation.TestProjectCRUD" name="test_create_and_delete_project" time="0.224" /><testcase classname="tests.test_nested_navigation.TestConfigEndpointAuth" name="test_get_config_requires_auth" time="0.033" /><testcase classname="tests.test_nested_navigation.TestConfigEndpointAuth" name="test_put_config_requires_auth" time="0.035" /></testsuite></testsuites>