<?xml version="1.0" encoding="utf-8"?><testsuites name="pytest tests"><testsuite name="pytest" errors="0" failures="0" skipped="0" tests="14" time="2.515" timestamp="2026-09-01T07:52:20.290272+00:00" hostname="agent-env-0c1091a7-9a63-42a8-bc81-5245192cf1a2"><testcase classname="tests.test_review_mode_multiselect.TestRoles" name="test_roles_me_is_dev_owner" time="0.177" /><testcase classname="tests.test_review_mode_multiselect.TestRoles" name="test_known_emails" time="0.093" /><testcase classname="tests.test_review_mode_multiselect.TestMultiSelectAssignment" name="test_create_three_assignments_different_types" time="0.223" /><testcase classname="tests.test_review_mode_multiselect.TestMultiSelectAssignment" name="test_group_scope_is_tab_qualified" time="0.047" /><testcase classname="tests.test_review_mode_multiselect.TestMultiSelectAssignment" name="test_group_scope_other_tab_same_name" time="0.049" /><testcase classname="tests.test_review_mode_multiselect.TestMultiSelectAssignment" name="test_tab_scope_flattens_all_pages" time="0.044" /><testcase classname="tests.test_review_mode_multiselect.TestMultiSelectAssignment" name="test_delete_assignment_removes_it" time="0.129" /><testcase classname="tests.test_review_mode_multiselect.TestDoneGate" name="test_done_blocked_by_open_comment_then_allowed" time="0.273" /><testcase classname="tests.test_review_mode_multiselect.TestAnchoredComments" name="test_create_comment_with_anchor_and_persist" time="0.091" /><testcase classname="tests.test_review_mode_multiselect.TestAnchoredComments" name="test_resolve_and_reopen" time="0.217" /><testcase classname="tests.test_review_mode_multiselect.TestAnchoredComments" name="test_delete_comment" time="0.127" /><testcase classname="tests.test_review_mode_multiselect.TestConsoleEndpoints" name="test_inbox_and_progress" time="0.088" /><testcase classname="tests.test_review_mode_multiselect.TestConsoleEndpoints" name="test_documents_list_has_slugs" time="0.138" /><testcase classname="tests.test_review_mode_multiselect.TestConsoleEndpoints" name="test_verdict_upsert" time="0.733" /></testsuite></testsuites>