<?xml version="1.0" encoding="utf-8"?><testsuites name="pytest tests"><testsuite name="pytest" errors="0" failures="0" skipped="0" tests="23" time="8.869" timestamp="2026-09-01T11:20:02.234031+00:00" hostname="agent-env-0c1091a7-9a63-42a8-bc81-5245192cf1a2"><testcase classname="tests.test_review_cascade_and_inline" name="test_learn_the_basics_has_18_pages" time="0.249" /><testcase classname="tests.test_review_cascade_and_inline" name="test_learn_the_basics_group_breakdown" time="0.000" /><testcase classname="tests.test_review_cascade_and_inline" name="test_cascade_creates_one_assignment_per_page" time="1.468" /><testcase classname="tests.test_review_cascade_and_inline" name="test_assignment_delete_removes_rows" time="0.232" /><testcase classname="tests.test_review_cascade_and_inline" name="test_verdict_upsert_and_read" time="0.317" /><testcase classname="tests.test_review_cascade_and_inline" name="test_anchored_comment_lifecycle" time="0.539" /><testcase classname="tests.test_review_cascade_and_inline" name="test_owner_endpoints_200_for_dev_owner" time="0.304" /><testcase classname="tests.test_review_cascade_and_inline" name="test_done_gate_blocks_with_open_comment" time="0.532" /><testcase classname="tests.test_review_cascade_and_inline" name="test_review_page_slug_resolvable" time="1.577" /><testcase classname="tests.test_review_mode_multiselect.TestRoles" name="test_roles_me_is_dev_owner" time="0.177" /><testcase classname="tests.test_review_mode_multiselect.TestRoles" name="test_known_emails" time="0.158" /><testcase classname="tests.test_review_mode_multiselect.TestMultiSelectAssignment" name="test_create_three_assignments_different_types" time="0.307" /><testcase classname="tests.test_review_mode_multiselect.TestMultiSelectAssignment" name="test_group_scope_is_tab_qualified" time="0.080" /><testcase classname="tests.test_review_mode_multiselect.TestMultiSelectAssignment" name="test_group_scope_other_tab_same_name" time="0.074" /><testcase classname="tests.test_review_mode_multiselect.TestMultiSelectAssignment" name="test_tab_scope_flattens_all_pages" time="0.086" /><testcase classname="tests.test_review_mode_multiselect.TestMultiSelectAssignment" name="test_delete_assignment_removes_it" time="0.225" /><testcase classname="tests.test_review_mode_multiselect.TestDoneGate" name="test_done_blocked_by_open_comment_then_allowed" time="0.381" /><testcase classname="tests.test_review_mode_multiselect.TestAnchoredComments" name="test_create_comment_with_anchor_and_persist" time="0.154" /><testcase classname="tests.test_review_mode_multiselect.TestAnchoredComments" name="test_resolve_and_reopen" time="0.389" /><testcase classname="tests.test_review_mode_multiselect.TestAnchoredComments" name="test_delete_comment" time="0.223" /><testcase classname="tests.test_review_mode_multiselect.TestConsoleEndpoints" name="test_inbox_and_progress" time="0.166" /><testcase classname="tests.test_review_mode_multiselect.TestConsoleEndpoints" name="test_documents_list_has_slugs" time="0.232" /><testcase classname="tests.test_review_mode_multiselect.TestConsoleEndpoints" name="test_verdict_upsert" time="0.929" /></testsuite></testsuites>