<?xml version="1.0" encoding="utf-8"?><testsuites name="pytest tests"><testsuite name="pytest" errors="0" failures="0" skipped="0" tests="13" time="3.370" timestamp="2026-08-31T11:08:29.816547+00:00" hostname="agent-env-0c1091a7-9a63-42a8-bc81-5245192cf1a2"><testcase classname="tests.backend_test.TestRoles" name="test_roles_me_is_owner" time="0.166" /><testcase classname="tests.backend_test.TestRoles" name="test_auth_me_role" time="0.070" /><testcase classname="tests.backend_test.TestRoles" name="test_no_mongo_id_leak" time="0.147" /><testcase classname="tests.backend_test.TestPublishGate" name="test_docs_default_in_review" time="0.192" /><testcase classname="tests.backend_test.TestPublishGate" name="test_publish_then_public_then_takedown" time="0.792" /><testcase classname="tests.backend_test.TestPublishGate" name="test_publish_unknown_doc_404" time="0.068" /><testcase classname="tests.backend_test.TestAssignments" name="test_assignment_lifecycle_with_comment_gate" time="0.617" /><testcase classname="tests.backend_test.TestAssignments" name="test_update_unknown_assignment_404" time="0.332" /><testcase classname="tests.backend_test.TestCommentsInbox" name="test_comment_crud_and_inbox" time="0.345" /><testcase classname="tests.backend_test.TestCommentsInbox" name="test_verdict_upsert" time="0.138" /><testcase classname="tests.backend_test.TestCommentsInbox" name="test_progress" time="0.067" /><testcase classname="tests.backend_test.TestCommentsInbox" name="test_transcribe_unavailable" time="0.068" /><testcase classname="tests.backend_test.TestDocumentDelete" name="test_create_and_delete_document" time="0.276" /></testsuite></testsuites>